<?xml version="1.0" encoding="UTF-8"?>
<testng-results ignored="0" total="1" passed="1" failed="0" skipped="0">
  <reporter-output>
  </reporter-output>
  <suite started-at="2024-05-05T17:30:05 EEST" name="Default suite" finished-at="2024-05-05T17:30:44 EEST" duration-ms="39286">
    <groups>
    </groups>
    <test started-at="2024-05-05T17:30:05 EEST" name="Default test" finished-at="2024-05-05T17:30:44 EEST" duration-ms="39286">
      <class name="doaa.project.LoginTest">
        <test-method is-config="true" signature="setupClass()[pri:0, instance:doaa.project.LoginTest@4da4253]" started-at="2024-05-05T17:30:05 EEST" name="setupClass" finished-at="2024-05-05T17:30:14 EEST" duration-ms="9161" status="PASS">
          <reporter-output>
          </reporter-output>
        </test-method> <!-- setupClass -->
        <test-method signature="testLoginAndSearch()[pri:0, instance:doaa.project.LoginTest@4da4253]" started-at="2024-05-05T17:30:14 EEST" name="testLoginAndSearch" finished-at="2024-05-05T17:30:42 EEST" duration-ms="27911" status="PASS">
          <reporter-output>
          </reporter-output>
        </test-method> <!-- testLoginAndSearch -->
        <test-method is-config="true" signature="tearDown()[pri:0, instance:doaa.project.LoginTest@4da4253]" started-at="2024-05-05T17:30:42 EEST" name="tearDown" finished-at="2024-05-05T17:30:44 EEST" duration-ms="2109" status="PASS">
          <reporter-output>
          </reporter-output>
        </test-method> <!-- tearDown -->
      </class> <!-- doaa.project.LoginTest -->
    </test> <!-- Default test -->
  </suite> <!-- Default suite -->
</testng-results>
